<?xml version="1.0" encoding="UTF-8"?>
<!-- Generated by org.testng.reporters.JUnitReportReporter -->
<testsuite hostname="DESKTOP-P7OORB0" failures="0" tests="1" name="TC_Mobile_001_Test" time="6.551" errors="0" timestamp="2023-01-24T13:16:30 IST" skipped="0">
  <testcase classname="TC_Mobile_001_Test" name="TC_001_Mobile" time="6.551"/>
  <system-out>
User Landed to Home Page Sucessfully User is Navigated to Mobile Phone Page Sucessfully User is clicking on Mobile button Shop. Apple Mobile Page  </system-out>
</testsuite> <!-- TC_Mobile_001_Test -->
