<?xml version="1.0" encoding="UTF-8"?>
<!-- Generated by org.testng.reporters.JUnitReportReporter -->
<testsuite hostname="DESKTOP-P7OORB0" failures="0" tests="1" name="TC_Mobile_009_Test" time="12.299" errors="0" timestamp="2023-01-25T11:59:30 IST" skipped="0">
  <testcase classname="TC_Mobile_009_Test" name="TC_009_ClickOnMobilePhone" time="12.299"/>
  <system-out>
User Clicking On Mobile Phones Button User Navigated to Mobile page sucessfully user Clicked on Iphone SucessFully:  Shop. iPhone Plus user add the product to wishList SucessFully User clicked on the wishList button on popupPage sucessfully  User Navigated to WishList Page sucessfully  User Clicked On The AddTocart Button Sucessfully User Navigated To Addto cart Page Sucessfully User Remove the Product From the Cart page sucessfully  </system-out>
</testsuite> <!-- TC_Mobile_009_Test -->
